<?xml version="1.0" encoding="UTF-8"?>
<!-- Generated by org.testng.reporters.JUnitReportReporter -->
<testsuite hostname="4G2KQV2" failures="0" tests="1" name="AdvancedExercises" time="1.047" errors="0" timestamp="2024-04-21T18:35:50 CEST" skipped="0">
  <testcase classname="AdvancedExercises" name="TestUsingImageRecognition" time="1.047"/>
  <system-out/>
</testsuite> <!-- AdvancedExercises -->
