<?xml version="1.0" encoding="UTF-8"?>
<!-- Generated by org.testng.reporters.JUnitReportReporter -->
<testsuite hostname="4G2KQV2" failures="0" tests="1" name="AdvancedExercises" time="0.958" errors="0" timestamp="2024-04-15T20:23:09 CEST" skipped="0">
  <testcase classname="AdvancedExercises" name="TestUsingJavascriptFunction" time="0.958"/>
  <system-out/>
</testsuite> <!-- AdvancedExercises -->
