<?xml version="1.0" encoding="UTF-8"?>
<!-- Generated by org.testng.reporters.JUnitReportReporter -->
<testsuite hostname="4G2KQV2" failures="0" tests="4" name="ExerciseTen" time="3.014" errors="0" timestamp="2024-04-01T19:06:28 CEST" skipped="0">
  <testcase classname="ExerciseTen" name="LoginWithEmptyUsernameAndPassword" time="0.711"/>
  <system-out/>
  <testcase classname="ExerciseTen" name="LoginWithIncorrectUsername" time="0.729"/>
  <system-out/>
  <testcase classname="ExerciseTen" name="LoginWithCorrectUsernameAndPassword" time="0.719"/>
  <system-out/>
  <testcase classname="ExerciseTen" name="LoginWithCorrectUsernameAndIncorrectPassword" time="0.855"/>
  <system-out/>
</testsuite> <!-- ExerciseTen -->
