<?xml version="1.0" encoding="UTF-8"?>
<!-- Generated by org.testng.reporters.JUnitReportReporter -->
<testsuite hostname="4G2KQV2" failures="0" tests="4" name="ExerciseTen" time="1.412" errors="0" timestamp="2024-04-15T19:17:34 CEST" skipped="0">
  <testcase classname="ExerciseTen" name="LoginWithCorrectUsernameAndPassword" time="0.345"/>
  <system-out/>
  <testcase classname="ExerciseTen" name="LoginWithEmptyUsernameAndPassword" time="0.300"/>
  <system-out/>
  <testcase classname="ExerciseTen" name="LoginWithIncorrectUsername" time="0.343"/>
  <system-out/>
  <testcase classname="ExerciseTen" name="LoginWithCorrectUsernameAndIncorrectPassword" time="0.424"/>
  <system-out/>
</testsuite> <!-- ExerciseTen -->
